Arguments: 
  C:\Program Files\nodejs\node.exe C:\Users\USER\AppData\Roaming\npm\node_modules\yarn\bin\yarn.js init

PATH: 
  C:\Program Files\Common Files\Oracle\Java\javapath;C:\Program Files\Python39\Scripts\;C:\Program Files\Python39\;D:\VMWARE\bin\;C:\WINDOWS\system32;C:\WINDOWS;C:\WINDOWS\System32\Wbem;C:\WINDOWS\System32\WindowsPowerShell\v1.0\;C:\WINDOWS\System32\OpenSSH\;C:\Program Files\PuTTY\;C:\MinGW\bin;C:\Program Files\Git\cmd;C:\Program Files\php-7.4.18-Win32-vc15-x64;C:\xampp\mysql\bin\mysql.exe;C:\Users\USER\Downloads\python-3.9.5-amd64.exe;C:\Users\USER\AppData\Roaming\Microsoft\Windows\Start Menu\Programs\Python 3.9;C:\Program Files\MongoDB\Server\5.0\bin;C:\ProgramData\chocolatey\bin;C:\Users\USER\AppData\Roaming\nvm;C:\Program Files\nodejs;C:\Program Files\nodejs\;C:\Program Files\Docker\Docker\resources\bin;C:\ProgramData\DockerDesktop\version-bin;C:\Users\USER\AppData\Local\Packages\PythonSoftwareFoundation.Python.3.10_qbz5n2kfra8p0\LocalCache\local-packages\Python310\Scripts;C:\Program Files\Microsoft SQL Server\Client SDK\ODBC\170\Tools\Binn\;C:\Program Files (x86)\Microsoft SQL Server\150\Tools\Binn\;C:\Program Files\Microsoft SQL Server\150\Tools\Binn\;C:\Program Files\Microsoft SQL Server\150\DTS\Binn\;C:\Program Files (x86)\Microsoft SQL Server\150\DTS\Binn\;C:\Program Files\Azure Data Studio\bin;C:\Program Files\Go\bin;C:\Program Files\GitHub CLI\;C:\Program Files\MySQL\MySQL Shell 8.0\bin\;C:\Users\USER\AppData\Local\Microsoft\WindowsApps;C:\Users\USER\AppData\Local\Programs\Microsoft VS Code\bin;C:\Program Files\JetBrains\WebStorm 2020.3.3\bin;;D:\Newfolder\.vscode\.vscode\Flutter\flutter\bin;D:\Android\tools;D:\Android\platform-tools;C:\xampp\php\php;C:\Program Files\php-7.4.18-Win32-vc15-x64;C:\Users\USER\AppData\Roaming\Composer\vendor\bin;D:\DataGrip 2021.1.1\bin;;C:\xampp\mysql\bin;C:\Users\USER\Downloads\python-3.9.5-amd64.exe;D:\heroku\bin;C:\Users\USER\AppData\Roaming\Microsoft\Windows\Start Menu\Programs\Python 3.9;C:\Users\USER\AppData\Roaming\nvm;C:\Program Files\nodejs;C:\Users\USER\AppData\Roaming\npm;C:\Users\USER\.local\bin;c:\users\user\appdata\roaming\python\python39\scripts;D:\IntelliJ IDEA 2022.1.1\bin;;C:\Program Files\Azure Data Studio\bin;D:\mongosh-1.5.4-win32-x64\mongosh-1.5.4-win32-x64\bin;D:\Redis\;C:\ProgramData\Microsoft\Windows\Start Menu\Programs\MySQL\MySQL Server 8.0;C:\Users\USER\go\bin

Yarn version: 
  1.22.17

Node version: 
  16.14.2

Platform: 
  win32 x64

Trace: 
  Error: canceled
      at Interface.<anonymous> (C:\Users\USER\AppData\Roaming\npm\node_modules\yarn\lib\cli.js:137143:13)
      at Interface.emit (node:events:526:28)
      at Interface._ttyWrite (node:readline:1081:16)
      at ReadStream.onkeypress (node:readline:288:10)
      at ReadStream.emit (node:events:526:28)
      at emitKeys (node:internal/readline/utils:358:14)
      at emitKeys.next (<anonymous>)
      at ReadStream.onData (node:internal/readline/emitKeypressEvents:61:36)
      at ReadStream.emit (node:events:526:28)
      at addChunk (node:internal/streams/readable:315:12)

npm manifest: 
  No manifest

yarn manifest: 
  No manifest

Lockfile: 
  No lockfile
